<?xml version="1.0" encoding="UTF-8"?>
<testsuite xmlns:xsi="http://www.w3.org/2001/XMLSchema-instance" xsi:noNamespaceSchemaLocation="https://maven.apache.org/surefire/maven-surefire-plugin/xsd/surefire-test-report-3.0.xsd" version="3.0" name="com.radiostack.core.domain.LocutorTest" time="0.05" tests="2" errors="0" skipped="0" failures="0">
  <properties>
[...]
</properties>
  <testcase name="testLocutorEqualsAndHashCode" classname="com.radiostack.core.domain.LocutorTest" time="0.025"/>
  <testcase name="testLocutorCreationAndGetters" classname="com.radiostack.core.domain.LocutorTest" time="0.002"/>
</testsuite>